This is XeTeX, Version 3.14159265-2.6-0.999992 (TeX Live 2020/Debian) (preloaded format=xelatex 2021.11.5)  6 NOV 2021 22:16
entering extended mode
 restricted \write18 enabled.
 %&-line parsing enabled.
**3_use_cases.tex
(./3_use_cases.tex
LaTeX2e <2020-10-01> patch level 4
L3 programming layer <2021-01-09> xparse <2020-03-03>
! Undefined control sequence.
l.1 \section
            {\bfseries Slučajevi upotrebe}
The control sequence at the end of the top line
of your error message was never \def'ed. If you have
misspelled it (e.g., `\hobx'), type `I' and the correct
spelling (e.g., `I\hbox'). Otherwise just continue,
and I'll forget about whatever was undefined.


! LaTeX Error: Missing \begin{document}.

See the LaTeX manual or LaTeX Companion for explanation.
Type  H <return>  for immediate help.
 ...                                              
                                                  
l.1 \section{\bfseries S
                        lučajevi upotrebe}
You're in trouble here.  Try typing  <return>  to proceed.
If that doesn't work, type  X <return>  to quit.


Overfull \hbox (65.03pt too wide) in paragraph at lines 1--2
[]\TU/lmr/bx/n/10 Slučajevi
 []


Overfull \hbox (45.31pt too wide) in paragraph at lines 1--2
\TU/lmr/bx/n/10 upotrebe 
 []


! LaTeX Error: File `Sections/UseCases/1_user_registration.tex' not found.

Type X to quit or <RETURN> to proceed,
or enter new name. (Default extension: tex)

Enter file name: 
! Emergency stop.
<read *> 
         
l.3 \input{Sections/UseCases/1_user_registration}
                                                 ^^M
*** (cannot \read from terminal in nonstop modes)

 
Here is how much of TeX's memory you used:
 22 strings out of 478425
 473 string characters out of 5865342
 277358 words of memory out of 5000000
 19716 multiletter control sequences out of 15000+600000
 403438 words of font info for 28 fonts, out of 8000000 for 9000
 704 hyphenation exceptions out of 8191
 23i,0n,28p,101b,58s stack positions out of 5000i,500n,10000p,200000b,80000s
No pages of output.
